[preview.iwedding.info/indexb73b.html]
[backblue.gif]
[fade.gif]
[index.html]
[preview.iwedding.info/index.html]
[cdn.biihappy.com/ziiweb/website/61990349db8f76231c132068/88b6d6c5cb36ccd3725c92f0e0b3d89b.jpg]
[preview.iwedding.info/templates/template17/css/libs3201.css]
[preview.iwedding.info/common/calendar3201.css]
[preview.iwedding.info/templates/template17/css/style3201.css]
[preview.iwedding.info/templates/template17/images/favicon.png]
[cdn.biihappy.com/ziiweb/default/template/62ef3cdcf106ea77bb276cc5/9cc23c7deb01f71bc652a8599c55630b.jpg]
[preview.iwedding.info/templates/template17/images/slider/shape3.png]
[preview.iwedding.info/templates/template17/images/slider/shape4.png]
[cdn.biihappy.com/ziiweb/default/template/62ef3cdcf106ea77bb276cc5/6bf9779158d43707a8d1d400c2da1e3d.jpg]
[cdn.biihappy.com/ziiweb/default/template/62ef3cdcf106ea77bb276cc5/fb06bb8fc52cde617248ea27585517cb.jpg]
[cdn.biihappy.com/ziiweb/default/website/3b48bc6125ce6d186297a3e90a11085e.jpg]
[cdn.biihappy.com/ziiweb/default/template/62ef3cdcf106ea77bb276cc5/2766e60ccc5fca7a4c53b906494ce8e1.jpg]
[preview.iwedding.info/templates/template17/images/couple/shape.png]
[cdn.biihappy.com/ziiweb/default/website/59b631f29bfb9f7cd20437d27ddbe4db.jpg]
[cdn.biihappy.com/ziiweb/images/static/common/wishes.png]
[preview.iwedding.info/rsvp.html]
[cdn.biihappy.com/ziiweb/images/static/common/rsvp4.png]
[cdn.biihappy.com/ziiweb/images/static/common/money_bag.png]
[cdn.biihappy.com/ziiweb/default/template/62ef3cdcf106ea77bb276cc5/52b2cd61e1dbd0e9e4fdca88781ffb14.jpg]
[preview.iwedding.info/templates/template17/images/section-title2.png]
[cdn.biihappy.com/ziiweb/website/61990349db8f76231c132068/0f99c255f7aa7714d366ebde51c86d53.jpg]
[preview.iwedding.info/templates/template17/images/story/shape.png]
[cdn.biihappy.com/ziiweb/website/61990349db8f76231c132068/be48dcf2522cd4ecfa7dab2dd4ebd3f9.jpg]
[cdn.biihappy.com/ziiweb/website/61990349db8f76231c132068/d2d08234dd0ece24828f396fa243a1ec.jpg]
[cdn.biihappy.com/ziiweb/website/61990349db8f76231c132068/d37c077f9ad6b076bc531b2d6ba44498.jpg]
[cdn.biihappy.com/ziiweb/default/template/62ef3cdcf106ea77bb276cc5/244aba61c9bcb376bf986bf0b0b65571.jpg]
[cdn.biihappy.com/ziiweb/default/website/galleries/61990296d7e97a1853119579/small.jpg]
[cdn.biihappy.com/ziiweb/default/website/galleries/619902a5f7c65c763d2ef0e2/small.jpg]
[cdn.biihappy.com/ziiweb/default/website/galleries/619902a0d5c0e352ac024b43/small.jpg]
[cdn.biihappy.com/ziiweb/default/website/galleries/61990322c41d7b37de534633/small.jpg]
[cdn.biihappy.com/ziiweb/default/website/galleries/6199029c1ca1d308fe5da284/small.jpg]
[cdn.biihappy.com/ziiweb/default/website/galleries/61990291c41d7b37de534632/small.jpg]
[cdn.biihappy.com/ziiweb/default/website/galleries/6199028d8d8a4918ca205514/small.jpg]
[cdn.biihappy.com/ziiweb/default/website/galleries/6199028adb8f76231c132062/small.jpg]
[cdn.biihappy.com/ziiweb/default/website/galleries/61990285d5c0e352ac024b42/small.jpg]
[cdn.biihappy.com/ziiweb/default/website/galleries/619902821ca1d308fe5da283/small.jpg]
[cdn.biihappy.com/ziiweb/default/website/galleries/6199027ed7e97a1853119578/small.jpg]
[cdn.biihappy.com/ziiweb/website/61990349db8f76231c132068/fa1780c6fe429eff4f2d564d6fbaff98.jpg]
[cdn.biihappy.com/ziiweb/website/61990349db8f76231c132068/84729db4c190b37df0a2cdcedba3f9b2.jpg]
[cdn.biihappy.com/ziiweb/website/61990349db8f76231c132068/0a6cfab9e637b586cec8724825f99d9e.jpg]
[cdn.biihappy.com/ziiweb/website/61990349db8f76231c132068/7411475c6f639d4457ef1ea26ce09ee2.jpg]
[cdn.biihappy.com/ziiweb/website/61990349db8f76231c132068/45dfd859dd184042e2a6adaa320ac64b.jpg]
[preview.iwedding.info/templates/template17/images/event-shape-1.png]
[preview.iwedding.info/templates/template17/images/event-shape-2.png]
[cdn.biihappy.com/ziiweb/website/61990349db8f76231c132068/8f7155409bf9ebdb9dffd7a38991aaa8.jpg]
[cdn.biihappy.com/ziiweb/website/61990349db8f76231c132068/83d8a5c840b51447ab080ecb9a7de6df.jpg]
[cdn.biihappy.com/ziiweb/website/61990349db8f76231c132068/194d4b3c58f61adb4931a8a00a4fa019.jpg]
[cdn.biihappy.com/ziiweb/website/61990349db8f76231c132068/49bc348db7eb284d9fc249b9d958893b.jpg]
[s2.coinmarketcap.com/static/img/coins/64x64/1.png]
[s2.coinmarketcap.com/static/img/coins/64x64/1027.png]
[s2.coinmarketcap.com/static/img/coins/64x64/825.png]
[s2.coinmarketcap.com/static/img/coins/64x64/18852.png]
[cdn.biihappy.com/ziiweb/website/61990349db8f76231c132068/24343a45a211dedc5b1b0b57300eaba9.jpg]
[s2.coinmarketcap.com/static/img/coins/64x64/1839.png]
[s2.coinmarketcap.com/static/img/coins/64x64/5805.png]
[preview.iwedding.info/templates/template17/js/jquery-plugin-collection3201.js]
[preview.iwedding.info/common/calendar3201.js]
[preview.iwedding.info/templates/template17/js/script3201.js]
[preview.iwedding.info/common/bii3201.js]
[preview.iwedding.info/common/emoji-picker/js/insertTextAtCursor3201.js]
[preview.iwedding.info/indexb73b.html]
[preview.iwedding.info/common/emoji-picker/js/init3201.js]
[preview.iwedding.info/templates/template19/images/fav_touch_icons/manifest.json]
[preview.iwedding.info/templates/template19/css/bootstrap.min3201.css]
[preview.iwedding.info/templates/template19/css/libs3201.css]
[preview.iwedding.info/templates/template19/css/fontawesome-all.min3201.css]
[preview.iwedding.info/templates/template19/css/neela-icon-set3201.css]
[preview.iwedding.info/templates/template19/css/owl.carousel.min3201.css]
[preview.iwedding.info/templates/template19/css/style3201.css]
[cdn.biihappy.com/ziiweb/default/template/644000ba4f8e0c7ddf09c709/d22ce318c91e96e35328d63da2364702.jpg]
[cdn.biihappy.com/ziiweb/default/template/644000ba4f8e0c7ddf09c709/10896c191ff2008ed9d07a3ed53616e4.jpg]
[cdn.biihappy.com/ziiweb/default/template/644000ba4f8e0c7ddf09c709/d4f33748bf87fde12d34aa8146e57b4c.jpg]
[cdn.biihappy.com/ziiweb/default/template/644000ba4f8e0c7ddf09c709/f948a8ba806986c08dd4ce1d6e9f8066.jpg]
[cdn.biihappy.com/ziiweb/default/template/644000ba4f8e0c7ddf09c709/98b3fc1637903e6b4265215b475fe2ad.jpg]
[cdn.biihappy.com/ziiweb/default/template/644000ba4f8e0c7ddf09c709/30a82e72a3e877ce778fa5da70d857a1.jpg]
[cdn.biihappy.com/ziiweb/default/template/644000ba4f8e0c7ddf09c709/1f6f6347c9eec78781d536c34c177bb8.jpg]
[cdn.biihappy.com/ziiweb/default/template/644000ba4f8e0c7ddf09c709/b0ccc21579cf9df6a113314b039ec33e.jpg]
[preview.iwedding.info/templates/template19/js/jquery-plugin-collection3201.js]
[preview.iwedding.info/templates/template19/js/variables3201.js]
[preview.iwedding.info/templates/template19/js/scripts3201.js]
[preview.iwedding.info/index.html]
[preview.iwedding.info/templates/template19/js/template.settings3201.js]
[preview.iwedding.info/templates/template17/fonts/themify9f249f24.eot]
[preview.iwedding.info/templates/template17/fonts/themifyd41dd41d.eot]
[preview.iwedding.info/templates/template17/fonts/themify9f249f24.woff]
[preview.iwedding.info/templates/template17/fonts/themify9f249f24.ttf]
[preview.iwedding.info/templates/template17/fonts/themify9f249f24.svg]
[preview.iwedding.info/templates/template17/fonts/fontawesome-webfont5b625b62.eot]
[preview.iwedding.info/templates/template17/fonts/fontawesome-webfontd41dd41d.eot]
[preview.iwedding.info/templates/template17/fonts/fontawesome-webfont5b625b62.woff2]
[preview.iwedding.info/templates/template17/fonts/fontawesome-webfont5b625b62.woff]
[preview.iwedding.info/templates/template17/fonts/fontawesome-webfont5b625b62.ttf]
[preview.iwedding.info/templates/template17/fonts/fontawesome-webfont5b625b62.svg]
[preview.iwedding.info/templates/template17/fonts/flaticone679e679.ttf]
[preview.iwedding.info/templates/template17/fonts/flaticone679e679.woff]
[preview.iwedding.info/templates/template17/fonts/flaticone679e679.woff2]
[preview.iwedding.info/templates/template17/fonts/flaticone679e679.eot]
[preview.iwedding.info/templates/template17/fonts/flaticone679e679.svg]
[preview.iwedding.info/templates/template17/css/owl.video.play.html]
[preview.iwedding.info/templates/template17/images/ajax-loader.gif]
[preview.iwedding.info/templates/template17/fonts/slick.eot]
[preview.iwedding.info/templates/template17/fonts/slickd41dd41d.eot]
[preview.iwedding.info/templates/template17/fonts/slick.woff]
[preview.iwedding.info/templates/template17/fonts/slick.ttf]
[preview.iwedding.info/templates/template17/fonts/slick.svg]
[preview.iwedding.info/templates/template17/images/fancybox/fancybox_sprite.png]
[preview.iwedding.info/templates/template17/images/fancybox/fancybox_loading.gif]
[preview.iwedding.info/templates/template17/images/fancybox/blank.gif]
[preview.iwedding.info/templates/template17/images/fancybox/fancybox_overlay.png]
[preview.iwedding.info/templates/template17/images/fancybox/fancybox_sprite@2x.png]
[preview.iwedding.info/templates/template17/images/fancybox/fancybox_loading@2x.gif]
[preview.iwedding.info/templates/template17/fonts/lgd641.eot]
[preview.iwedding.info/templates/template17/css/fonts/lgd41d.eot]
[preview.iwedding.info/templates/template17/fonts/lgd641.woff]
[preview.iwedding.info/templates/template17/fonts/lgd641.ttf]
[preview.iwedding.info/templates/template17/fonts/lgd641.svg]
[preview.iwedding.info/templates/template17/img/vimeo-play.png]
[preview.iwedding.info/templates/template17/img/video-play.png]
[preview.iwedding.info/templates/template17/img/youtube-play.png]
[preview.iwedding.info/templates/template17/images/loading.gif]
[preview.iwedding.info/templates/template17/css/libs3201.css]
[preview.iwedding.info/common/calendar3201.css]
[preview.iwedding.info/templates/template17/images/select-icon.png]
[preview.iwedding.info/templates/template17/images/breadcrumb.jpg]
[preview.iwedding.info/templates/template17/images/page-title.jpg]
[preview.iwedding.info/templates/template17/images/bg-2.html]
[preview.iwedding.info/templates/template17/images/Single-title-shape2.html]
[preview.iwedding.info/templates/template17/images/slider/shape.png]
[preview.iwedding.info/templates/template17/images/slider/shape2.png]
[preview.iwedding.info/templates/template17/images/clock-bg2.png]
[preview.iwedding.info/templates/template17/images/slider/slide-10.jpg]
[preview.iwedding.info/templates/template17/images/slider/frame.png]
[preview.iwedding.info/templates/template17/images/cta/bg.jpg]
[preview.iwedding.info/templates/template17/images/banner.jpg]
[preview.iwedding.info/templates/template17/images/select-icon2.png]
[preview.iwedding.info/templates/template17/images/cta/bg-2.jpg]
[preview.iwedding.info/templates/template17/images/clock-bg.png]
[preview.iwedding.info/templates/template17/images/offer.jpg]
[cdn.biihappy.com/ziiweb/images/static/common/searchicon.png]
[preview.iwedding.info/templates/template17/css/style3201.css]
[cdn.jsdelivr.net/npm/bootstrap@5.2.0/dist/css/bootstrap.min.css]
[preview.iwedding.info/album/heart.gif]
[preview.iwedding.info/rsvp.html]
[preview.iwedding.info/templates/template19/css/bootstrap.min3201.css]
[preview.iwedding.info/rsvp-template/script7625.js]
[preview.iwedding.info/templates/template19/images/fancybox/fancybox_sprite.png]
[preview.iwedding.info/templates/template19/images/fancybox/fancybox_loading.gif]
[preview.iwedding.info/templates/template19/images/fancybox/blank.gif]
[preview.iwedding.info/templates/template19/images/fancybox/fancybox_overlay.png]
[preview.iwedding.info/templates/template19/images/fancybox/fancybox_sprite@2x.png]
[preview.iwedding.info/templates/template19/images/fancybox/fancybox_loading@2x.gif]
[preview.iwedding.info/templates/template19/webfonts/lgd641.eot]
[preview.iwedding.info/templates/template19/css/webfonts/lgd41d.eot]
[preview.iwedding.info/templates/template19/webfonts/lgd641.woff]
[preview.iwedding.info/templates/template19/webfonts/lgd641.ttf]
[preview.iwedding.info/templates/template19/webfonts/lgd641.svg]
[preview.iwedding.info/templates/template19/img/vimeo-play.png]
[preview.iwedding.info/templates/template19/img/video-play.png]
[preview.iwedding.info/templates/template19/img/youtube-play.png]
[preview.iwedding.info/templates/template19/images/loading.gif]
[preview.iwedding.info/templates/template19/css/libs3201.css]
[preview.iwedding.info/templates/template19/webfonts/fa-brands-400.eot]
[preview.iwedding.info/templates/template19/webfonts/fa-brands-400d41dd41d.eot]
[preview.iwedding.info/templates/template19/webfonts/fa-brands-400.woff2]
[preview.iwedding.info/templates/template19/webfonts/fa-brands-400.woff]
[preview.iwedding.info/templates/template19/webfonts/fa-brands-400.ttf]
[preview.iwedding.info/templates/template19/webfonts/fa-regular-400.eot]
[preview.iwedding.info/templates/template19/webfonts/fa-brands-400.svg]
[preview.iwedding.info/templates/template19/webfonts/fa-regular-400d41dd41d.eot]
[preview.iwedding.info/templates/template19/webfonts/fa-regular-400.woff2]
[preview.iwedding.info/templates/template19/webfonts/fa-regular-400.woff]
[preview.iwedding.info/templates/template19/webfonts/fa-regular-400.ttf]
[preview.iwedding.info/templates/template19/webfonts/fa-regular-400.svg]
[preview.iwedding.info/templates/template19/webfonts/fa-solid-900.eot]
[preview.iwedding.info/templates/template19/webfonts/fa-solid-900d41dd41d.eot]
[preview.iwedding.info/templates/template19/webfonts/fa-solid-900.woff2]
[preview.iwedding.info/templates/template19/webfonts/fa-solid-900.woff]
[preview.iwedding.info/templates/template19/webfonts/fa-solid-900.ttf]
[preview.iwedding.info/templates/template19/css/fontawesome-all.min3201.css]
[preview.iwedding.info/templates/template19/webfonts/fa-solid-900.svg]
[preview.iwedding.info/templates/template19/webfonts/neela-icon-set.eot]
[preview.iwedding.info/templates/template19/webfonts/neela-icon-setd41dd41d.eot]
[preview.iwedding.info/templates/template19/webfonts/neela-icon-set.woff]
[preview.iwedding.info/templates/template19/webfonts/neela-icon-set.ttf]
[preview.iwedding.info/templates/template19/css/neela-icon-set3201.css]
[preview.iwedding.info/templates/template19/webfonts/neela-icon-set.svg]
[preview.iwedding.info/templates/template19/css/owl.carousel.min3201.css]
[preview.iwedding.info/templates/template19/css/owl.video.play.html]
[preview.iwedding.info/templates/template19/images/our-story-background-img.jpg]
[preview.iwedding.info/templates/template19/images/our-story-background-img@2x.jpg]
[preview.iwedding.info/templates/template19/images/invitation-background.jpg]
[preview.iwedding.info/templates/template19/images/invitation-background@2x.jpg]
[preview.iwedding.info/templates/template19/images/bridesmaids-background.jpg]
[preview.iwedding.info/templates/template19/images/bridesmaids-background@2x.jpg]
[preview.iwedding.info/templates/template19/images/groomsmen-background.jpg]
[preview.iwedding.info/templates/template19/images/groomsmen-background@2x.jpg]
[preview.iwedding.info/templates/template19/images/gift-background-img.jpg]
[preview.iwedding.info/templates/template19/images/gift-background-img@2x.jpg]
[preview.iwedding.info/templates/template19/images/menu.jpg]
[preview.iwedding.info/templates/template19/images/menu@2x.jpg]
[preview.iwedding.info/templates/template19/images/gallery-img3.jpg]
[preview.iwedding.info/templates/template19/images/gallery-img3@2x.html]
[preview.iwedding.info/templates/template19/images/neela-pattern.png]
[preview.iwedding.info/templates/template19/images/flower-large.svg]
[preview.iwedding.info/templates/template19/images/flower-medium.svg]
[preview.iwedding.info/templates/template19/images/flower-small.svg]
[preview.iwedding.info/templates/template19/images/flower-large-light.svg]
[preview.iwedding.info/templates/template19/css/style3201.css]
[preview.iwedding.info/templates/template17/fonts/themify9f249f24.svg]
[preview.iwedding.info/templates/template17/fonts/fontawesome-webfont5b625b62.svg]
[preview.iwedding.info/templates/template17/fonts/flaticone679e679.svg]
[preview.iwedding.info/templates/template17/css/owl.video.play.html]
[preview.iwedding.info/templates/template17/fonts/slick.svg]
[preview.iwedding.info/templates/template17/css/fonts/lgd41d.html]
[preview.iwedding.info/templates/template17/fonts/lgd641.svg]
[preview.iwedding.info/templates/template17/img/vimeo-play.html]
[preview.iwedding.info/templates/template17/img/video-play.html]
[preview.iwedding.info/templates/template17/img/youtube-play.html]
[preview.iwedding.info/templates/template17/images/page-title.html]
[preview.iwedding.info/templates/template17/images/bg-2.html]
[preview.iwedding.info/templates/template17/images/Single-title-shape2.html]
[preview.iwedding.info/templates/template17/images/select-icon2.html]
[preview.iwedding.info/templates/template17/images/offer.html]
[cdn.jsdelivr.net/npm/bootstrap@5.2.0/dist/css/bootstrap.min.css]
[preview.iwedding.info/templates/template19/css/webfonts/lgd41d.html]
[preview.iwedding.info/templates/template19/webfonts/lgd641.svg]
[preview.iwedding.info/templates/template19/img/vimeo-play.html]
[preview.iwedding.info/templates/template19/img/video-play.html]
[preview.iwedding.info/templates/template19/img/youtube-play.html]
[preview.iwedding.info/templates/template19/webfonts/fa-brands-400.svg]
[preview.iwedding.info/templates/template19/webfonts/fa-regular-400.svg]
[preview.iwedding.info/templates/template19/images/flower-large-dark.svg]
[preview.iwedding.info/templates/template19/webfonts/fa-solid-900.svg]
[preview.iwedding.info/templates/template19/webfonts/neela-icon-set.svg]
[preview.iwedding.info/templates/template19/css/owl.video.play.html]
[preview.iwedding.info/templates/template19/images/gallery-img3@2x.html]
[preview.iwedding.info/templates/template19/images/flower-large.svg]
[preview.iwedding.info/templates/template19/images/flower-medium.svg]
[preview.iwedding.info/templates/template19/images/flower-small.svg]
[preview.iwedding.info/templates/template19/images/flower-large-light.svg]
[preview.iwedding.info/templates/template19/images/flower-large-dark.svg]
